<component name="libraryTable">
  <library name="JUnit5" type="repository">
    <properties maven-id="org.junit.jupiter:junit-jupiter-api:5.10.3">
      <verification>
        <artifact url="file://$MAVEN_REPOSITORY$/org/junit/jupiter/junit-jupiter-api/5.10.3/junit-jupiter-api-5.10.3.jar">
          <sha256sum>6efe6e01ca1ff79b7bf4c6f1eed0b29292e166c27eaf7b00ac981a14d4de61aa</sha256sum>
        </artifact>
        <artifact url="file://$MAVEN_REPOSITORY$/org/opentest4j/opentest4j/1.3.0/opentest4j-1.3.0.jar">
          <sha256sum>48e2df636cab6563ced64dcdff8abb2355627cb236ef0bf37598682ddf742f1b</sha256sum>
        </artifact>
        <artifact url="file://$MAVEN_REPOSITORY$/org/junit/platform/junit-platform-commons/1.10.3/junit-platform-commons-1.10.3.jar">
          <sha256sum>9787f04d49db59397cdd7555d421a5bd2d1445666997d327b94f85e38bed57f1</sha256sum>
        </artifact>
        <artifact url="file://$MAVEN_REPOSITORY$/org/apiguardian/apiguardian-api/1.1.2/apiguardian-api-1.1.2.jar">
          <sha256sum>b509448ac506d607319f182537f0b35d71007582ec741832a1f111e5b5b70b38</sha256sum>
        </artifact>
      </verification>
    </properties>
    <CLASSES>
      <root url="jar://$MAVEN_REPOSITORY$/org/junit/jupiter/junit-jupiter-api/5.10.3/junit-jupiter-api-5.10.3.jar!/" />
      <root url="jar://$MAVEN_REPOSITORY$/org/opentest4j/opentest4j/1.3.0/opentest4j-1.3.0.jar!/" />
      <root url="jar://$MAVEN_REPOSITORY$/org/junit/platform/junit-platform-commons/1.10.3/junit-platform-commons-1.10.3.jar!/" />
      <root url="jar://$MAVEN_REPOSITORY$/org/apiguardian/apiguardian-api/1.1.2/apiguardian-api-1.1.2.jar!/" />
    </CLASSES>
    <JAVADOC />
    <SOURCES>
      <root url="jar://$MAVEN_REPOSITORY$/org/junit/jupiter/junit-jupiter-api/5.10.3/junit-jupiter-api-5.10.3-sources.jar!/" />
      <root url="jar://$MAVEN_REPOSITORY$/org/opentest4j/opentest4j/1.3.0/opentest4j-1.3.0-sources.jar!/" />
      <root url="jar://$MAVEN_REPOSITORY$/org/junit/platform/junit-platform-commons/1.10.3/junit-platform-commons-1.10.3-sources.jar!/" />
      <root url="jar://$MAVEN_REPOSITORY$/org/apiguardian/apiguardian-api/1.1.2/apiguardian-api-1.1.2-sources.jar!/" />
    </SOURCES>
  </library>
</component>