<component name="libraryTable">
  <library name="JUnit5Launcher" type="repository">
    <properties maven-id="org.junit.platform:junit-platform-launcher:1.10.3">
      <verification>
        <artifact url="file://$MAVEN_REPOSITORY$/org/junit/platform/junit-platform-launcher/1.10.3/junit-platform-launcher-1.10.3.jar">
          <sha256sum>deaeede2f011eaf94f5bc681e04eee2f4a0f6d69771e1a79aa950d898b405d8d</sha256sum>
        </artifact>
        <artifact url="file://$MAVEN_REPOSITORY$/org/junit/platform/junit-platform-engine/1.10.3/junit-platform-engine-1.10.3.jar">
          <sha256sum>df7c32bf75cf47c4c8ddd1942091027947a7d765d30b731fe00830115fafa133</sha256sum>
        </artifact>
      </verification>
      <exclude>
        <dependency maven-id="org.apiguardian:apiguardian-api" />
        <dependency maven-id="org.opentest4j:opentest4j" />
        <dependency maven-id="org.junit.platform:junit-platform-commons" />
      </exclude>
    </properties>
    <CLASSES>
      <root url="jar://$MAVEN_REPOSITORY$/org/junit/platform/junit-platform-launcher/1.10.3/junit-platform-launcher-1.10.3.jar!/" />
      <root url="jar://$MAVEN_REPOSITORY$/org/junit/platform/junit-platform-engine/1.10.3/junit-platform-engine-1.10.3.jar!/" />
    </CLASSES>
    <JAVADOC />
    <SOURCES>
      <root url="jar://$MAVEN_REPOSITORY$/org/junit/platform/junit-platform-launcher/1.10.3/junit-platform-launcher-1.10.3-sources.jar!/" />
      <root url="jar://$MAVEN_REPOSITORY$/org/junit/platform/junit-platform-engine/1.10.3/junit-platform-engine-1.10.3-sources.jar!/" />
    </SOURCES>
  </library>
</component>