<component name="libraryTable">
  <library name="JUnit5Suites" type="repository">
    <properties maven-id="org.junit.platform:junit-platform-suite:1.10.3">
      <verification>
        <artifact url="file://$MAVEN_REPOSITORY$/org/junit/platform/junit-platform-suite/1.10.3/junit-platform-suite-1.10.3.jar">
          <sha256sum>17f9384f40dcb480784277b2d1a96e560d69936eda6296c15c68c209e476828b</sha256sum>
        </artifact>
        <artifact url="file://$MAVEN_REPOSITORY$/org/junit/platform/junit-platform-suite-api/1.10.3/junit-platform-suite-api-1.10.3.jar">
          <sha256sum>bdb1de13d1a86a17a8093f2612014cd3271a1625b46fedee01c9982a3b4287af</sha256sum>
        </artifact>
        <artifact url="file://$MAVEN_REPOSITORY$/org/junit/platform/junit-platform-suite-engine/1.10.3/junit-platform-suite-engine-1.10.3.jar">
          <sha256sum>65887849bc0ae1e11f19500116e1c1a68bfb101813bfc4c63e72225cf3354340</sha256sum>
        </artifact>
        <artifact url="file://$MAVEN_REPOSITORY$/org/junit/platform/junit-platform-suite-commons/1.10.3/junit-platform-suite-commons-1.10.3.jar">
          <sha256sum>da51c58786762602848f38bcf45d9d18387ed10d030308ebd8d4989cfae7fd59</sha256sum>
        </artifact>
      </verification>
      <exclude>
        <dependency maven-id="org.junit.platform:junit-platform-commons" />
        <dependency maven-id="org.apiguardian:apiguardian-api" />
        <dependency maven-id="org.junit.platform:junit-platform-engine" />
        <dependency maven-id="org.junit.platform:junit-platform-launcher" />
      </exclude>
    </properties>
    <CLASSES>
      <root url="jar://$MAVEN_REPOSITORY$/org/junit/platform/junit-platform-suite/1.10.3/junit-platform-suite-1.10.3.jar!/" />
      <root url="jar://$MAVEN_REPOSITORY$/org/junit/platform/junit-platform-suite-api/1.10.3/junit-platform-suite-api-1.10.3.jar!/" />
      <root url="jar://$MAVEN_REPOSITORY$/org/junit/platform/junit-platform-suite-engine/1.10.3/junit-platform-suite-engine-1.10.3.jar!/" />
      <root url="jar://$MAVEN_REPOSITORY$/org/junit/platform/junit-platform-suite-commons/1.10.3/junit-platform-suite-commons-1.10.3.jar!/" />
    </CLASSES>
    <JAVADOC />
    <SOURCES>
      <root url="jar://$MAVEN_REPOSITORY$/org/junit/platform/junit-platform-suite/1.10.3/junit-platform-suite-1.10.3-sources.jar!/" />
      <root url="jar://$MAVEN_REPOSITORY$/org/junit/platform/junit-platform-suite-api/1.10.3/junit-platform-suite-api-1.10.3-sources.jar!/" />
      <root url="jar://$MAVEN_REPOSITORY$/org/junit/platform/junit-platform-suite-engine/1.10.3/junit-platform-suite-engine-1.10.3-sources.jar!/" />
      <root url="jar://$MAVEN_REPOSITORY$/org/junit/platform/junit-platform-suite-commons/1.10.3/junit-platform-suite-commons-1.10.3-sources.jar!/" />
    </SOURCES>
  </library>
</component>